Loading data from path/to/xlmr//translation/LABELED_X_NER//train.ru.tsv + path/to/xlmr//train-ru.tsv
ITER = 1: Cannot Loading multilingual labeled data
Changing Begin I- -> B-
Changing Begin I- -> B-
Loading data from path/to/xlmr//translation/LABELED_X_NER//train.ru.tsv + path/to/xlmr//train-ru.tsv
ITER = 1: Cannot Loading multilingual labeled data
Changing Begin I- -> B-
Changing Begin I- -> B-
Loading data from path/to/xlmr//translation/LABELED_X_NER//train.ru.tsv + path/to/xlmr//train-ru.tsv
ITER = 1: Cannot Loading multilingual labeled data
Changing Begin I- -> B-
Changing Begin I- -> B-
Loading data from path/to/xlmr//translation/LABELED_X_NER//train.ru.tsv + path/to/xlmr//data-bin//train-ru.tsv
ITER = 1: Cannot Loading multilingual labeled data
Changing Begin I- -> B-
Changing Begin I- -> B-
Loading data from path/to/xlmr//translation/LABELED_X_NER//train.ru.tsv + path/to/xlmr//data-bin/ru//test.xlmr
ITER = 1: Cannot Loading multilingual labeled data
Changing Begin I- -> B-
Changing Begin I- -> B-
Loading data from path/to/xlmr//translation/LABELED_X_NER//train.ru.tsv + path/to/xlmr//data-bin/ru//test.xlmr
ITER = 1: Cannot Loading multilingual labeled data
Changing Begin I- -> B-
Changing Begin I- -> B-
Loading data from path/to/xlmr//translation/LABELED_X_NER//train.ru.tsv + path/to/xlmr//data-bin//train-ru.tsv
ITER = 1: Cannot Loading multilingual labeled data
Changing Begin I- -> B-
Changing Begin I- -> B-
Loading data from path/to/xlmr//translation/LABELED_X_NER//train.ru.tsv + path/to/xlmr//data-bin//train-ru.tsv
ITER = 1: Cannot Loading multilingual labeled data
Changing Begin I- -> B-
Changing Begin I- -> B-
Loading data from path/to/xlmr//translation/LABELED_X_NER//train.ru.tsv + path/to/xlmr//data-bin/ru//test.xlmr
ITER = 1: Cannot Loading multilingual labeled data
Changing Begin I- -> B-
Changing Begin I- -> B-
Loading data from path/to/xlmr//translation/LABELED_X_NER//train.ru.tsv + path/to/xlmr//data-bin/ru//test.xlmr
ITER = 1: Cannot Loading multilingual labeled data
Changing Begin I- -> B-
Changing Begin I- -> B-
Loading data from path/to/xlmr//translation/LABELED_X_NER//train.ru.tsv + path/to/xlmr//data-bin/ru//test.xlmr
ITER = 1: Cannot Loading multilingual labeled data
Changing Begin I- -> B-
Changing Begin I- -> B-
Loading data from path/to/xlmr//translation/LABELED_X_NER//train.ru.tsv + path/to/xlmr//data-bin/ru//test.xlmr
ITER > 1: Loading data from path/to/xlmr//translation/X_NER//ru/test.xlmr
Changing Begin I- -> B-
Changing Begin I- -> B-
Changing Begin I- -> B-
Loading data from path/to/xlmr//translation/LABELED_X_NER//train.ru.tsv + path/to/xlmr//data-bin/ru//test.xlmr
ITER > 1: Loading data from path/to/xlmr//translation/X_NER//ru/test.xlmr
Changing Begin I- -> B-
Changing Begin I- -> B-
Changing Begin I- -> B-
Loading data from path/to/xlmr//translation/LABELED_X_NER//train.ru.tsv + path/to/xlmr//data-bin//train-ru.tsv
ITER > 1: Loading data from path/to/xlmr//translation/X_NER//ru/test.xlmr
Changing Begin I- -> B-
Changing Begin I- -> B-
Changing Begin I- -> B-
Loading data from path/to/xlmr//translation/LABELED_X_NER//train.ru.tsv + path/to/xlmr//data-bin//train-ru.tsv
ITER > 1: Loading data from path/to/xlmr//translation/X_NER//ru/test.xlmr
Changing Begin I- -> B-
Changing Begin I- -> B-
Changing Begin I- -> B-
Loading data from path/to/xlmr//translation/LABELED_X_NER//train.ru.tsv + path/to/xlmr//data-bin//train-ru.tsv
ITER > 1: Loading data from path/to/xlmr//translation/X_NER//ru/test.xlmr
Changing Begin I- -> B-
Changing Begin I- -> B-
Changing Begin I- -> B-
Loading data from path/to/xlmr//translation/LABELED_X_NER//train.ru.tsv + path/to/xlmr//data-bin//train-ru.tsv
ITER > 1: Loading data from path/to/xlmr//translation/X_NER//ru/test.xlmr
Changing Begin I- -> B-
Changing Begin I- -> B-
Changing Begin I- -> B-
Loading data from path/to/xlmr//translation/LABELED_X_NER//train.ru.tsv + path/to/xlmr//data-bin//train-ru.tsv
ITER > 1: Loading data from path/to/xlmr//translation/X_NER//ru/test.xlmr
Changing Begin I- -> B-
Changing Begin I- -> B-
Changing Begin I- -> B-
Loading data from path/to/xlmr//translation/LABELED_X_NER//train.ru.tsv + path/to/xlmr//data-bin//train-ru.tsv
ITER > 1: Loading data from path/to/xlmr//translation/X_NER//ru/test.xlmr
Changing Begin I- -> B-
Changing Begin I- -> B-
Changing Begin I- -> B-
Loading data from path/to/xlmr//translation/LABELED_X_NER//train.ru.tsv + path/to/xlmr//data-bin//train-ru.tsv
ITER > 1: Loading data from path/to/xlmr//translation/X_NER//ru/test.xlmr
Changing Begin I- -> B-
Changing Begin I- -> B-
Changing Begin I- -> B-
Loading data from path/to/xlmr//translation/LABELED_X_NER//train.ru.tsv + path/to/xlmr//data-bin//train-ru.tsv
ITER > 1: Loading data from path/to/xlmr//translation/X_NER//ru/test.xlmr
Changing Begin I- -> B-
Changing Begin I- -> B-
Changing Begin I- -> B-
